<?xml version="1.0" encoding="UTF-8"?>
<testng-results skipped="2" failed="0" ignored="0" total="2" passed="0">
  <reporter-output>
  </reporter-output>
  <suite name="Default suite" duration-ms="14078" started-at="2020-08-05T22:24:02 CDT" finished-at="2020-08-05T22:24:16 CDT">
    <groups>
    </groups>
    <test name="Default test" duration-ms="14078" started-at="2020-08-05T22:24:02 CDT" finished-at="2020-08-05T22:24:16 CDT">
      <class name="testAutomation.WebBrowserTest">
        <test-method status="FAIL" signature="beforeClass()[pri:0, instance:testAutomation.WebBrowserTest@67205a84]" name="beforeClass" is-config="true" duration-ms="14031" started-at="2020-08-05T22:24:02 CDT" finished-at="2020-08-05T22:24:16 CDT">
          <exception class="org.openqa.selenium.SessionNotCreatedException">
            <message>
              <![CDATA[session not created
from chrome not reachable
  (Session info: chrome=84.0.4147.105)
Build info: version: '3.141.59', revision: 'e82be7d358', time: '2018-11-14T08:17:03'
System info: host: 'LAPTOP-PTGAIKU9', ip: '192.168.1.5', os.name: 'Windows 10', os.arch: 'amd64', os.version: '10.0', java.version: '1.8.0_251'
Driver info: driver.version: ChromeDriver
remote stacktrace: Backtrace:
Ordinal0 [0x008A9563+2725219]
Ordinal0 [0x007A8551+1672529]
Ordinal0 [0x00690202+524802]
Ordinal0 [0x006899B2+498098]
Ordinal0 [0x0068A09B+499867]
Ordinal0 [0x0068AFF5+503797]
Ordinal0 [0x00686994+485780]
Ordinal0 [0x00690FF0+528368]
Ordinal0 [0x0063D6C9+186057]
Ordinal0 [0x0063CA3D+182845]
Ordinal0 [0x0063A94B+174411]
Ordinal0 [0x00622528+75048]
Ordinal0 [0x006235A0+79264]
Ordinal0 [0x00623539+79161]
Ordinal0 [0x007BD607+1758727]
GetHandleVerifier [0x009C6546+1050150]
GetHandleVerifier [0x009C6291+1049457]
GetHandleVerifier [0x009D10D7+1094071]
GetHandleVerifier [0x009C6B46+1051686]
Ordinal0 [0x007B5B06+1727238]
Ordinal0 [0x007BEB7B+1764219]
Ordinal0 [0x007BECE3+1764579]
Ordinal0 [0x007D4C05+1854469]
BaseThreadInitThunk [0x754E6359+25]
RtlGetAppContainerNamedObjectPath [0x77C37C24+228]
RtlGetAppContainerNamedObjectPath [0x77C37BF4+180]
]]>
            </message>
            <full-stacktrace>
              <![CDATA[org.openqa.selenium.SessionNotCreatedException: session not created
from chrome not reachable
  (Session info: chrome=84.0.4147.105)
Build info: version: '3.141.59', revision: 'e82be7d358', time: '2018-11-14T08:17:03'
System info: host: 'LAPTOP-PTGAIKU9', ip: '192.168.1.5', os.name: 'Windows 10', os.arch: 'amd64', os.version: '10.0', java.version: '1.8.0_251'
Driver info: driver.version: ChromeDriver
remote stacktrace: Backtrace:
Ordinal0 [0x008A9563+2725219]
Ordinal0 [0x007A8551+1672529]
Ordinal0 [0x00690202+524802]
Ordinal0 [0x006899B2+498098]
Ordinal0 [0x0068A09B+499867]
Ordinal0 [0x0068AFF5+503797]
Ordinal0 [0x00686994+485780]
Ordinal0 [0x00690FF0+528368]
Ordinal0 [0x0063D6C9+186057]
Ordinal0 [0x0063CA3D+182845]
Ordinal0 [0x0063A94B+174411]
Ordinal0 [0x00622528+75048]
Ordinal0 [0x006235A0+79264]
Ordinal0 [0x00623539+79161]
Ordinal0 [0x007BD607+1758727]
GetHandleVerifier [0x009C6546+1050150]
GetHandleVerifier [0x009C6291+1049457]
GetHandleVerifier [0x009D10D7+1094071]
GetHandleVerifier [0x009C6B46+1051686]
Ordinal0 [0x007B5B06+1727238]
Ordinal0 [0x007BEB7B+1764219]
Ordinal0 [0x007BECE3+1764579]
Ordinal0 [0x007D4C05+1854469]
BaseThreadInitThunk [0x754E6359+25]
RtlGetAppContainerNamedObjectPath [0x77C37C24+228]
RtlGetAppContainerNamedObjectPath [0x77C37BF4+180]

at sun.reflect.NativeConstructorAccessorImpl.newInstance0(Native Method)
at sun.reflect.NativeConstructorAccessorImpl.newInstance(NativeConstructorAccessorImpl.java:62)
at sun.reflect.DelegatingConstructorAccessorImpl.newInstance(DelegatingConstructorAccessorImpl.java:45)
at java.lang.reflect.Constructor.newInstance(Constructor.java:423)
at org.openqa.selenium.remote.W3CHandshakeResponse.lambda$errorHandler$0(W3CHandshakeResponse.java:62)
at org.openqa.selenium.remote.HandshakeResponse.lambda$getResponseFunction$0(HandshakeResponse.java:30)
at org.openqa.selenium.remote.ProtocolHandshake.lambda$createSession$0(ProtocolHandshake.java:126)
at java.util.stream.ReferencePipeline$3$1.accept(ReferencePipeline.java:193)
at java.util.Spliterators$ArraySpliterator.tryAdvance(Spliterators.java:958)
at java.util.stream.ReferencePipeline.forEachWithCancel(ReferencePipeline.java:126)
at java.util.stream.AbstractPipeline.copyIntoWithCancel(AbstractPipeline.java:499)
at java.util.stream.AbstractPipeline.copyInto(AbstractPipeline.java:486)
at java.util.stream.AbstractPipeline.wrapAndCopyInto(AbstractPipeline.java:472)
at java.util.stream.FindOps$FindOp.evaluateSequential(FindOps.java:152)
at java.util.stream.AbstractPipeline.evaluate(AbstractPipeline.java:234)
at java.util.stream.ReferencePipeline.findFirst(ReferencePipeline.java:464)
at org.openqa.selenium.remote.ProtocolHandshake.createSession(ProtocolHandshake.java:128)
at org.openqa.selenium.remote.ProtocolHandshake.createSession(ProtocolHandshake.java:74)
at org.openqa.selenium.remote.HttpCommandExecutor.execute(HttpCommandExecutor.java:136)
at org.openqa.selenium.remote.service.DriverCommandExecutor.execute(DriverCommandExecutor.java:83)
at org.openqa.selenium.remote.RemoteWebDriver.execute(RemoteWebDriver.java:552)
at org.openqa.selenium.remote.RemoteWebDriver.startSession(RemoteWebDriver.java:213)
at org.openqa.selenium.remote.RemoteWebDriver.<init>(RemoteWebDriver.java:131)
at org.openqa.selenium.chrome.ChromeDriver.<init>(ChromeDriver.java:181)
at org.openqa.selenium.chrome.ChromeDriver.<init>(ChromeDriver.java:168)
at org.openqa.selenium.chrome.ChromeDriver.<init>(ChromeDriver.java:123)
at testAutomation.WebBrowserTest.beforeClass(WebBrowserTest.java:30)
at sun.reflect.NativeMethodAccessorImpl.invoke0(Native Method)
at sun.reflect.NativeMethodAccessorImpl.invoke(NativeMethodAccessorImpl.java:62)
at sun.reflect.DelegatingMethodAccessorImpl.invoke(DelegatingMethodAccessorImpl.java:43)
at java.lang.reflect.Method.invoke(Method.java:498)
at org.testng.internal.MethodInvocationHelper.invokeMethod(MethodInvocationHelper.java:132)
at org.testng.internal.MethodInvocationHelper.invokeMethodConsideringTimeout(MethodInvocationHelper.java:61)
at org.testng.internal.ConfigInvoker.invokeConfigurationMethod(ConfigInvoker.java:366)
at org.testng.internal.ConfigInvoker.invokeConfigurations(ConfigInvoker.java:320)
at org.testng.internal.TestMethodWorker.invokeBeforeClassMethods(TestMethodWorker.java:176)
at org.testng.internal.TestMethodWorker.run(TestMethodWorker.java:122)
at java.util.ArrayList.forEach(ArrayList.java:1257)
at org.testng.TestRunner.privateRun(TestRunner.java:764)
at org.testng.TestRunner.run(TestRunner.java:585)
at org.testng.SuiteRunner.runTest(SuiteRunner.java:384)
at org.testng.SuiteRunner.runSequentially(SuiteRunner.java:378)
at org.testng.SuiteRunner.privateRun(SuiteRunner.java:337)
at org.testng.SuiteRunner.run(SuiteRunner.java:286)
at org.testng.SuiteRunnerWorker.runSuite(SuiteRunnerWorker.java:53)
at org.testng.SuiteRunnerWorker.run(SuiteRunnerWorker.java:96)
at org.testng.TestNG.runSuitesSequentially(TestNG.java:1218)
at org.testng.TestNG.runSuitesLocally(TestNG.java:1140)
at org.testng.TestNG.runSuites(TestNG.java:1069)
at org.testng.TestNG.run(TestNG.java:1037)
at org.testng.remote.AbstractRemoteTestNG.run(AbstractRemoteTestNG.java:115)
at org.testng.remote.RemoteTestNG.initAndRun(RemoteTestNG.java:251)
at org.testng.remote.RemoteTestNG.main(RemoteTestNG.java:77)
]]>
            </full-stacktrace>
          </exception> <!-- org.openqa.selenium.SessionNotCreatedException -->
          <reporter-output>
          </reporter-output>
        </test-method> <!-- beforeClass -->
        <test-method status="SKIP" signature="Login()[pri:0, instance:testAutomation.WebBrowserTest@67205a84]" name="Login" duration-ms="0" started-at="2020-08-05T22:24:16 CDT" finished-at="2020-08-05T22:24:16 CDT">
          <exception class="org.openqa.selenium.SessionNotCreatedException">
            <message>
              <![CDATA[session not created
from chrome not reachable
  (Session info: chrome=84.0.4147.105)
Build info: version: '3.141.59', revision: 'e82be7d358', time: '2018-11-14T08:17:03'
System info: host: 'LAPTOP-PTGAIKU9', ip: '192.168.1.5', os.name: 'Windows 10', os.arch: 'amd64', os.version: '10.0', java.version: '1.8.0_251'
Driver info: driver.version: ChromeDriver
remote stacktrace: Backtrace:
Ordinal0 [0x008A9563+2725219]
Ordinal0 [0x007A8551+1672529]
Ordinal0 [0x00690202+524802]
Ordinal0 [0x006899B2+498098]
Ordinal0 [0x0068A09B+499867]
Ordinal0 [0x0068AFF5+503797]
Ordinal0 [0x00686994+485780]
Ordinal0 [0x00690FF0+528368]
Ordinal0 [0x0063D6C9+186057]
Ordinal0 [0x0063CA3D+182845]
Ordinal0 [0x0063A94B+174411]
Ordinal0 [0x00622528+75048]
Ordinal0 [0x006235A0+79264]
Ordinal0 [0x00623539+79161]
Ordinal0 [0x007BD607+1758727]
GetHandleVerifier [0x009C6546+1050150]
GetHandleVerifier [0x009C6291+1049457]
GetHandleVerifier [0x009D10D7+1094071]
GetHandleVerifier [0x009C6B46+1051686]
Ordinal0 [0x007B5B06+1727238]
Ordinal0 [0x007BEB7B+1764219]
Ordinal0 [0x007BECE3+1764579]
Ordinal0 [0x007D4C05+1854469]
BaseThreadInitThunk [0x754E6359+25]
RtlGetAppContainerNamedObjectPath [0x77C37C24+228]
RtlGetAppContainerNamedObjectPath [0x77C37BF4+180]
]]>
            </message>
            <full-stacktrace>
              <![CDATA[org.openqa.selenium.SessionNotCreatedException: session not created
from chrome not reachable
  (Session info: chrome=84.0.4147.105)
Build info: version: '3.141.59', revision: 'e82be7d358', time: '2018-11-14T08:17:03'
System info: host: 'LAPTOP-PTGAIKU9', ip: '192.168.1.5', os.name: 'Windows 10', os.arch: 'amd64', os.version: '10.0', java.version: '1.8.0_251'
Driver info: driver.version: ChromeDriver
remote stacktrace: Backtrace:
Ordinal0 [0x008A9563+2725219]
Ordinal0 [0x007A8551+1672529]
Ordinal0 [0x00690202+524802]
Ordinal0 [0x006899B2+498098]
Ordinal0 [0x0068A09B+499867]
Ordinal0 [0x0068AFF5+503797]
Ordinal0 [0x00686994+485780]
Ordinal0 [0x00690FF0+528368]
Ordinal0 [0x0063D6C9+186057]
Ordinal0 [0x0063CA3D+182845]
Ordinal0 [0x0063A94B+174411]
Ordinal0 [0x00622528+75048]
Ordinal0 [0x006235A0+79264]
Ordinal0 [0x00623539+79161]
Ordinal0 [0x007BD607+1758727]
GetHandleVerifier [0x009C6546+1050150]
GetHandleVerifier [0x009C6291+1049457]
GetHandleVerifier [0x009D10D7+1094071]
GetHandleVerifier [0x009C6B46+1051686]
Ordinal0 [0x007B5B06+1727238]
Ordinal0 [0x007BEB7B+1764219]
Ordinal0 [0x007BECE3+1764579]
Ordinal0 [0x007D4C05+1854469]
BaseThreadInitThunk [0x754E6359+25]
RtlGetAppContainerNamedObjectPath [0x77C37C24+228]
RtlGetAppContainerNamedObjectPath [0x77C37BF4+180]

at sun.reflect.NativeConstructorAccessorImpl.newInstance0(Native Method)
at sun.reflect.NativeConstructorAccessorImpl.newInstance(NativeConstructorAccessorImpl.java:62)
at sun.reflect.DelegatingConstructorAccessorImpl.newInstance(DelegatingConstructorAccessorImpl.java:45)
at java.lang.reflect.Constructor.newInstance(Constructor.java:423)
at org.openqa.selenium.remote.W3CHandshakeResponse.lambda$errorHandler$0(W3CHandshakeResponse.java:62)
at org.openqa.selenium.remote.HandshakeResponse.lambda$getResponseFunction$0(HandshakeResponse.java:30)
at org.openqa.selenium.remote.ProtocolHandshake.lambda$createSession$0(ProtocolHandshake.java:126)
at java.util.stream.ReferencePipeline$3$1.accept(ReferencePipeline.java:193)
at java.util.Spliterators$ArraySpliterator.tryAdvance(Spliterators.java:958)
at java.util.stream.ReferencePipeline.forEachWithCancel(ReferencePipeline.java:126)
at java.util.stream.AbstractPipeline.copyIntoWithCancel(AbstractPipeline.java:499)
at java.util.stream.AbstractPipeline.copyInto(AbstractPipeline.java:486)
at java.util.stream.AbstractPipeline.wrapAndCopyInto(AbstractPipeline.java:472)
at java.util.stream.FindOps$FindOp.evaluateSequential(FindOps.java:152)
at java.util.stream.AbstractPipeline.evaluate(AbstractPipeline.java:234)
at java.util.stream.ReferencePipeline.findFirst(ReferencePipeline.java:464)
at org.openqa.selenium.remote.ProtocolHandshake.createSession(ProtocolHandshake.java:128)
at org.openqa.selenium.remote.ProtocolHandshake.createSession(ProtocolHandshake.java:74)
at org.openqa.selenium.remote.HttpCommandExecutor.execute(HttpCommandExecutor.java:136)
at org.openqa.selenium.remote.service.DriverCommandExecutor.execute(DriverCommandExecutor.java:83)
at org.openqa.selenium.remote.RemoteWebDriver.execute(RemoteWebDriver.java:552)
at org.openqa.selenium.remote.RemoteWebDriver.startSession(RemoteWebDriver.java:213)
at org.openqa.selenium.remote.RemoteWebDriver.<init>(RemoteWebDriver.java:131)
at org.openqa.selenium.chrome.ChromeDriver.<init>(ChromeDriver.java:181)
at org.openqa.selenium.chrome.ChromeDriver.<init>(ChromeDriver.java:168)
at org.openqa.selenium.chrome.ChromeDriver.<init>(ChromeDriver.java:123)
at testAutomation.WebBrowserTest.beforeClass(WebBrowserTest.java:30)
at sun.reflect.NativeMethodAccessorImpl.invoke0(Native Method)
at sun.reflect.NativeMethodAccessorImpl.invoke(NativeMethodAccessorImpl.java:62)
at sun.reflect.DelegatingMethodAccessorImpl.invoke(DelegatingMethodAccessorImpl.java:43)
at java.lang.reflect.Method.invoke(Method.java:498)
at org.testng.internal.MethodInvocationHelper.invokeMethod(MethodInvocationHelper.java:132)
at org.testng.internal.MethodInvocationHelper.invokeMethodConsideringTimeout(MethodInvocationHelper.java:61)
at org.testng.internal.ConfigInvoker.invokeConfigurationMethod(ConfigInvoker.java:366)
at org.testng.internal.ConfigInvoker.invokeConfigurations(ConfigInvoker.java:320)
at org.testng.internal.TestMethodWorker.invokeBeforeClassMethods(TestMethodWorker.java:176)
at org.testng.internal.TestMethodWorker.run(TestMethodWorker.java:122)
at java.util.ArrayList.forEach(ArrayList.java:1257)
at org.testng.TestRunner.privateRun(TestRunner.java:764)
at org.testng.TestRunner.run(TestRunner.java:585)
at org.testng.SuiteRunner.runTest(SuiteRunner.java:384)
at org.testng.SuiteRunner.runSequentially(SuiteRunner.java:378)
at org.testng.SuiteRunner.privateRun(SuiteRunner.java:337)
at org.testng.SuiteRunner.run(SuiteRunner.java:286)
at org.testng.SuiteRunnerWorker.runSuite(SuiteRunnerWorker.java:53)
at org.testng.SuiteRunnerWorker.run(SuiteRunnerWorker.java:96)
at org.testng.TestNG.runSuitesSequentially(TestNG.java:1218)
at org.testng.TestNG.runSuitesLocally(TestNG.java:1140)
at org.testng.TestNG.runSuites(TestNG.java:1069)
at org.testng.TestNG.run(TestNG.java:1037)
at org.testng.remote.AbstractRemoteTestNG.run(AbstractRemoteTestNG.java:115)
at org.testng.remote.RemoteTestNG.initAndRun(RemoteTestNG.java:251)
at org.testng.remote.RemoteTestNG.main(RemoteTestNG.java:77)
]]>
            </full-stacktrace>
          </exception> <!-- org.openqa.selenium.SessionNotCreatedException -->
          <reporter-output>
          </reporter-output>
        </test-method> <!-- Login -->
        <test-method status="SKIP" signature="Logout()[pri:0, instance:testAutomation.WebBrowserTest@67205a84]" name="Logout" duration-ms="0" started-at="2020-08-05T22:24:16 CDT" finished-at="2020-08-05T22:24:16 CDT">
          <exception class="org.openqa.selenium.SessionNotCreatedException">
            <message>
              <![CDATA[session not created
from chrome not reachable
  (Session info: chrome=84.0.4147.105)
Build info: version: '3.141.59', revision: 'e82be7d358', time: '2018-11-14T08:17:03'
System info: host: 'LAPTOP-PTGAIKU9', ip: '192.168.1.5', os.name: 'Windows 10', os.arch: 'amd64', os.version: '10.0', java.version: '1.8.0_251'
Driver info: driver.version: ChromeDriver
remote stacktrace: Backtrace:
Ordinal0 [0x008A9563+2725219]
Ordinal0 [0x007A8551+1672529]
Ordinal0 [0x00690202+524802]
Ordinal0 [0x006899B2+498098]
Ordinal0 [0x0068A09B+499867]
Ordinal0 [0x0068AFF5+503797]
Ordinal0 [0x00686994+485780]
Ordinal0 [0x00690FF0+528368]
Ordinal0 [0x0063D6C9+186057]
Ordinal0 [0x0063CA3D+182845]
Ordinal0 [0x0063A94B+174411]
Ordinal0 [0x00622528+75048]
Ordinal0 [0x006235A0+79264]
Ordinal0 [0x00623539+79161]
Ordinal0 [0x007BD607+1758727]
GetHandleVerifier [0x009C6546+1050150]
GetHandleVerifier [0x009C6291+1049457]
GetHandleVerifier [0x009D10D7+1094071]
GetHandleVerifier [0x009C6B46+1051686]
Ordinal0 [0x007B5B06+1727238]
Ordinal0 [0x007BEB7B+1764219]
Ordinal0 [0x007BECE3+1764579]
Ordinal0 [0x007D4C05+1854469]
BaseThreadInitThunk [0x754E6359+25]
RtlGetAppContainerNamedObjectPath [0x77C37C24+228]
RtlGetAppContainerNamedObjectPath [0x77C37BF4+180]
]]>
            </message>
            <full-stacktrace>
              <![CDATA[org.openqa.selenium.SessionNotCreatedException: session not created
from chrome not reachable
  (Session info: chrome=84.0.4147.105)
Build info: version: '3.141.59', revision: 'e82be7d358', time: '2018-11-14T08:17:03'
System info: host: 'LAPTOP-PTGAIKU9', ip: '192.168.1.5', os.name: 'Windows 10', os.arch: 'amd64', os.version: '10.0', java.version: '1.8.0_251'
Driver info: driver.version: ChromeDriver
remote stacktrace: Backtrace:
Ordinal0 [0x008A9563+2725219]
Ordinal0 [0x007A8551+1672529]
Ordinal0 [0x00690202+524802]
Ordinal0 [0x006899B2+498098]
Ordinal0 [0x0068A09B+499867]
Ordinal0 [0x0068AFF5+503797]
Ordinal0 [0x00686994+485780]
Ordinal0 [0x00690FF0+528368]
Ordinal0 [0x0063D6C9+186057]
Ordinal0 [0x0063CA3D+182845]
Ordinal0 [0x0063A94B+174411]
Ordinal0 [0x00622528+75048]
Ordinal0 [0x006235A0+79264]
Ordinal0 [0x00623539+79161]
Ordinal0 [0x007BD607+1758727]
GetHandleVerifier [0x009C6546+1050150]
GetHandleVerifier [0x009C6291+1049457]
GetHandleVerifier [0x009D10D7+1094071]
GetHandleVerifier [0x009C6B46+1051686]
Ordinal0 [0x007B5B06+1727238]
Ordinal0 [0x007BEB7B+1764219]
Ordinal0 [0x007BECE3+1764579]
Ordinal0 [0x007D4C05+1854469]
BaseThreadInitThunk [0x754E6359+25]
RtlGetAppContainerNamedObjectPath [0x77C37C24+228]
RtlGetAppContainerNamedObjectPath [0x77C37BF4+180]

at sun.reflect.NativeConstructorAccessorImpl.newInstance0(Native Method)
at sun.reflect.NativeConstructorAccessorImpl.newInstance(NativeConstructorAccessorImpl.java:62)
at sun.reflect.DelegatingConstructorAccessorImpl.newInstance(DelegatingConstructorAccessorImpl.java:45)
at java.lang.reflect.Constructor.newInstance(Constructor.java:423)
at org.openqa.selenium.remote.W3CHandshakeResponse.lambda$errorHandler$0(W3CHandshakeResponse.java:62)
at org.openqa.selenium.remote.HandshakeResponse.lambda$getResponseFunction$0(HandshakeResponse.java:30)
at org.openqa.selenium.remote.ProtocolHandshake.lambda$createSession$0(ProtocolHandshake.java:126)
at java.util.stream.ReferencePipeline$3$1.accept(ReferencePipeline.java:193)
at java.util.Spliterators$ArraySpliterator.tryAdvance(Spliterators.java:958)
at java.util.stream.ReferencePipeline.forEachWithCancel(ReferencePipeline.java:126)
at java.util.stream.AbstractPipeline.copyIntoWithCancel(AbstractPipeline.java:499)
at java.util.stream.AbstractPipeline.copyInto(AbstractPipeline.java:486)
at java.util.stream.AbstractPipeline.wrapAndCopyInto(AbstractPipeline.java:472)
at java.util.stream.FindOps$FindOp.evaluateSequential(FindOps.java:152)
at java.util.stream.AbstractPipeline.evaluate(AbstractPipeline.java:234)
at java.util.stream.ReferencePipeline.findFirst(ReferencePipeline.java:464)
at org.openqa.selenium.remote.ProtocolHandshake.createSession(ProtocolHandshake.java:128)
at org.openqa.selenium.remote.ProtocolHandshake.createSession(ProtocolHandshake.java:74)
at org.openqa.selenium.remote.HttpCommandExecutor.execute(HttpCommandExecutor.java:136)
at org.openqa.selenium.remote.service.DriverCommandExecutor.execute(DriverCommandExecutor.java:83)
at org.openqa.selenium.remote.RemoteWebDriver.execute(RemoteWebDriver.java:552)
at org.openqa.selenium.remote.RemoteWebDriver.startSession(RemoteWebDriver.java:213)
at org.openqa.selenium.remote.RemoteWebDriver.<init>(RemoteWebDriver.java:131)
at org.openqa.selenium.chrome.ChromeDriver.<init>(ChromeDriver.java:181)
at org.openqa.selenium.chrome.ChromeDriver.<init>(ChromeDriver.java:168)
at org.openqa.selenium.chrome.ChromeDriver.<init>(ChromeDriver.java:123)
at testAutomation.WebBrowserTest.beforeClass(WebBrowserTest.java:30)
at sun.reflect.NativeMethodAccessorImpl.invoke0(Native Method)
at sun.reflect.NativeMethodAccessorImpl.invoke(NativeMethodAccessorImpl.java:62)
at sun.reflect.DelegatingMethodAccessorImpl.invoke(DelegatingMethodAccessorImpl.java:43)
at java.lang.reflect.Method.invoke(Method.java:498)
at org.testng.internal.MethodInvocationHelper.invokeMethod(MethodInvocationHelper.java:132)
at org.testng.internal.MethodInvocationHelper.invokeMethodConsideringTimeout(MethodInvocationHelper.java:61)
at org.testng.internal.ConfigInvoker.invokeConfigurationMethod(ConfigInvoker.java:366)
at org.testng.internal.ConfigInvoker.invokeConfigurations(ConfigInvoker.java:320)
at org.testng.internal.TestMethodWorker.invokeBeforeClassMethods(TestMethodWorker.java:176)
at org.testng.internal.TestMethodWorker.run(TestMethodWorker.java:122)
at java.util.ArrayList.forEach(ArrayList.java:1257)
at org.testng.TestRunner.privateRun(TestRunner.java:764)
at org.testng.TestRunner.run(TestRunner.java:585)
at org.testng.SuiteRunner.runTest(SuiteRunner.java:384)
at org.testng.SuiteRunner.runSequentially(SuiteRunner.java:378)
at org.testng.SuiteRunner.privateRun(SuiteRunner.java:337)
at org.testng.SuiteRunner.run(SuiteRunner.java:286)
at org.testng.SuiteRunnerWorker.runSuite(SuiteRunnerWorker.java:53)
at org.testng.SuiteRunnerWorker.run(SuiteRunnerWorker.java:96)
at org.testng.TestNG.runSuitesSequentially(TestNG.java:1218)
at org.testng.TestNG.runSuitesLocally(TestNG.java:1140)
at org.testng.TestNG.runSuites(TestNG.java:1069)
at org.testng.TestNG.run(TestNG.java:1037)
at org.testng.remote.AbstractRemoteTestNG.run(AbstractRemoteTestNG.java:115)
at org.testng.remote.RemoteTestNG.initAndRun(RemoteTestNG.java:251)
at org.testng.remote.RemoteTestNG.main(RemoteTestNG.java:77)
]]>
            </full-stacktrace>
          </exception> <!-- org.openqa.selenium.SessionNotCreatedException -->
          <reporter-output>
          </reporter-output>
        </test-method> <!-- Logout -->
        <test-method status="SKIP" signature="afterClass()[pri:0, instance:testAutomation.WebBrowserTest@67205a84]" name="afterClass" is-config="true" duration-ms="-1596684256547" started-at="2020-08-05T22:24:16 CDT" finished-at="1969-12-31T18:00:00 CST">
          <reporter-output>
          </reporter-output>
        </test-method> <!-- afterClass -->
      </class> <!-- testAutomation.WebBrowserTest -->
    </test> <!-- Default test -->
  </suite> <!-- Default suite -->
</testng-results>
